0 info it worked if it ends with ok
1 verbose cli [ '/usr/local/Cellar/node/5.9.1/bin/node',
1 verbose cli   '/usr/local/bin/npm',
1 verbose cli   'start' ]
2 info using npm@3.7.3
3 info using node@v5.9.1
4 verbose run-script [ 'prestart', 'start', 'poststart' ]
5 info lifecycle ajax_startpoint@1.0.0~prestart: ajax_startpoint@1.0.0
6 silly lifecycle ajax_startpoint@1.0.0~prestart: no script for prestart, continuing
7 info lifecycle ajax_startpoint@1.0.0~start: ajax_startpoint@1.0.0
8 verbose lifecycle ajax_startpoint@1.0.0~start: unsafe-perm in lifecycle true
9 verbose lifecycle ajax_startpoint@1.0.0~start: PATH: /usr/local/lib/node_modules/npm/bin/node-gyp-bin:/Users/user/Desktop/cx3_8/week_11/day_3/lab/countries_lab/node_modules/.bin:/usr/local/Cellar/node/5.9.1/bin:/Applications/Postgres.app/Contents/Versions/9.5/bin:/Users/user/.rbenv/shims:/Users/user/.rbenv/shims:/usr/local/bin:/Users/user/bin:/usr/local/bin:/usr/bin:/bin:/usr/sbin:/sbin:/Users/user/junit
10 verbose lifecycle ajax_startpoint@1.0.0~start: CWD: /Users/user/Desktop/cx3_8/week_11/day_3/lab/countries_lab
11 silly lifecycle ajax_startpoint@1.0.0~start: Args: [ '-c', 'node server.js' ]
12 silly lifecycle ajax_startpoint@1.0.0~start: Returned: code: 1  signal: null
13 info lifecycle ajax_startpoint@1.0.0~start: Failed to exec start script
14 verbose stack Error: ajax_startpoint@1.0.0 start: `node server.js`
14 verbose stack Exit status 1
14 verbose stack     at EventEmitter.<anonymous> (/usr/local/lib/node_modules/npm/lib/utils/lifecycle.js:239:16)
14 verbose stack     at emitTwo (events.js:100:13)
14 verbose stack     at EventEmitter.emit (events.js:185:7)
14 verbose stack     at ChildProcess.<anonymous> (/usr/local/lib/node_modules/npm/lib/utils/spawn.js:24:14)
14 verbose stack     at emitTwo (events.js:100:13)
14 verbose stack     at ChildProcess.emit (events.js:185:7)
14 verbose stack     at maybeClose (internal/child_process.js:850:16)
14 verbose stack     at Process.ChildProcess._handle.onexit (internal/child_process.js:215:5)
15 verbose pkgid ajax_startpoint@1.0.0
16 verbose cwd /Users/user/Desktop/cx3_8/week_11/day_3/lab/countries_lab
17 error Darwin 15.6.0
18 error argv "/usr/local/Cellar/node/5.9.1/bin/node" "/usr/local/bin/npm" "start"
19 error node v5.9.1
20 error npm  v3.7.3
21 error code ELIFECYCLE
22 error ajax_startpoint@1.0.0 start: `node server.js`
22 error Exit status 1
23 error Failed at the ajax_startpoint@1.0.0 start script 'node server.js'.
23 error Make sure you have the latest version of node.js and npm installed.
23 error If you do, this is most likely a problem with the ajax_startpoint package,
23 error not with npm itself.
23 error Tell the author that this fails on your system:
23 error     node server.js
23 error You can get information on how to open an issue for this project with:
23 error     npm bugs ajax_startpoint
23 error Or if that isn't available, you can get their info via:
23 error     npm owner ls ajax_startpoint
23 error There is likely additional logging output above.
24 verbose exit [ 1, true ]
